TN:
SF:src\index.ts
FN:1,delay
FN:2,(anonymous_1)
FN:3,(anonymous_2)
FN:13,fetchUserProfiles
FN:16,(anonymous_4)
FN:20,(anonymous_5)
FN:40,retryOperation
FN:57,processInBatches
FN:75,raceWithTimeout
FN:77,(anonymous_9)
FN:78,(anonymous_10)
FNF:11
FNH:11
FNDA:9,delay
FNDA:9,(anonymous_1)
FNDA:8,(anonymous_2)
FNDA:4,fetchUserProfiles
FNDA:10,(anonymous_4)
FNDA:5,(anonymous_5)
FNDA:3,retryOperation
FNDA:3,processInBatches
FNDA:3,raceWithTimeout
FNDA:3,(anonymous_9)
FNDA:1,(anonymous_10)
DA:1,1
DA:2,9
DA:3,9
DA:13,1
DA:14,4
DA:15,4
DA:16,10
DA:17,3
DA:18,2
DA:20,1
DA:21,5
DA:22,5
DA:23,5
DA:24,5
DA:31,1
DA:32,1
DA:33,1
DA:35,1
DA:36,1
DA:40,1
DA:42,3
DA:43,5
DA:44,5
DA:45,5
DA:47,3
DA:48,3
DA:49,3
DA:50,2
DA:53,1
DA:54,1
DA:57,1
DA:58,3
DA:59,3
DA:60,3
DA:61,3
DA:62,6
DA:63,6
DA:64,6
DA:65,5
DA:67,2
DA:68,2
DA:70,1
DA:71,1
DA:75,1
DA:76,3
DA:77,3
DA:78,3
DA:80,3
DA:81,3
DA:82,1
DA:83,1
DA:85,2
DA:86,2
LF:53
LH:53
BRDA:17,0,0,2
BRDA:17,0,1,1
BRDA:40,1,0,1
BRDA:49,2,0,1
BRDA:49,2,1,2
BRF:5
BRH:5
end_of_record
